<?xml version='1.0' encoding='utf-8'?>
<testsuite name="decoder-matrix" tests="96" failures="46"><testcase name="1080p-1920x1080p60-av1-sdr-50mbps" classname="decoder.hardware" /><testcase name="1080p-1920x1080p60-av1-sdr-100mbps" classname="decoder.hardware" /><testcase name="1080p-1920x1080p60-av1-sdr-250mbps" classname="decoder.hardware" /><testcase name="1080p-1920x1080p60-av1-sdr-350mbps" classname="decoder.hardware" /><testcase name="1080p-1920x1080p60-av1-hdr10-50mbps" classname="decoder.hardware" /><testcase name="1080p-1920x1080p60-av1-hdr10-100mbps" classname="decoder.hardware" /><testcase name="1080p-1920x1080p60-av1-hdr10-250mbps" classname="decoder.hardware" /><testcase name="1080p-1920x1080p60-av1-hdr10-350mbps" classname="decoder.hardware" /><testcase name="1080p-1920x1080p60-hevc-sdr-50mbps" classname="decoder.hardware" /><testcase name="1080p-1920x1080p60-hevc-sdr-100mbps" classname="decoder.hardware" /><testcase name="1080p-1920x1080p60-hevc-sdr-250mbps" classname="decoder.hardware" /><testcase name="1080p-1920x1080p60-hevc-sdr-350mbps" classname="decoder.hardware" /><testcase name="1080p-1920x1080p60-hevc-hdr10-50mbps" classname="decoder.hardware" /><testcase name="1080p-1920x1080p60-hevc-hdr10-100mbps" classname="decoder.hardware" /><testcase name="1080p-1920x1080p60-hevc-hdr10-250mbps" classname="decoder.hardware" /><testcase name="1080p-1920x1080p60-hevc-hdr10-350mbps" classname="decoder.hardware" /><testcase name="1080p-1920x1080p120-av1-sdr-50mbps" classname="decoder.hardware"><failure type="INCONCLUSIVE" message="INCONCLUSIVE">measured payload bitrate 86.448 Mbps is outside the 50 Mbps target ±20%; decode checks passed, but requested bitrate coverage was not established</failure></testcase><testcase name="1080p-1920x1080p120-av1-sdr-100mbps" classname="decoder.hardware" /><testcase name="1080p-1920x1080p120-av1-sdr-250mbps" classname="decoder.hardware" /><testcase name="1080p-1920x1080p120-av1-sdr-350mbps" classname="decoder.hardware" /><testcase name="1080p-1920x1080p120-av1-hdr10-50mbps" classname="decoder.hardware"><failure type="INCONCLUSIVE" message="INCONCLUSIVE">measured payload bitrate 73.130 Mbps is outside the 50 Mbps target ±20%; decode checks passed, but requested bitrate coverage was not established</failure></testcase><testcase name="1080p-1920x1080p120-av1-hdr10-100mbps" classname="decoder.hardware"><failure type="INCONCLUSIVE" message="INCONCLUSIVE">measured payload bitrate 122.612 Mbps is outside the 100 Mbps target ±20%; decode checks passed, but requested bitrate coverage was not established</failure></testcase><testcase name="1080p-1920x1080p120-av1-hdr10-250mbps" classname="decoder.hardware" /><testcase name="1080p-1920x1080p120-av1-hdr10-350mbps" classname="decoder.hardware" /><testcase name="1080p-1920x1080p120-hevc-sdr-50mbps" classname="decoder.hardware"><failure type="INCONCLUSIVE" message="INCONCLUSIVE">measured payload bitrate 62.494 Mbps is outside the 50 Mbps target ±20%; decode checks passed, but requested bitrate coverage was not established</failure></testcase><testcase name="1080p-1920x1080p120-hevc-sdr-100mbps" classname="decoder.hardware" /><testcase name="1080p-1920x1080p120-hevc-sdr-250mbps" classname="decoder.hardware" /><testcase name="1080p-1920x1080p120-hevc-sdr-350mbps" classname="decoder.hardware" /><testcase name="1080p-1920x1080p120-hevc-hdr10-50mbps" classname="decoder.hardware" /><testcase name="1080p-1920x1080p120-hevc-hdr10-100mbps" classname="decoder.hardware" /><testcase name="1080p-1920x1080p120-hevc-hdr10-250mbps" classname="decoder.hardware" /><testcase name="1080p-1920x1080p120-hevc-hdr10-350mbps" classname="decoder.hardware" /><testcase name="ultrawide-3440x1440p120-av1-sdr-50mbps" classname="decoder.hardware"><failure type="INCONCLUSIVE" message="INCONCLUSIVE">measured payload bitrate 141.911 Mbps is outside the 50 Mbps target ±20%; decode checks passed, but requested bitrate coverage was not established</failure></testcase><testcase name="ultrawide-3440x1440p120-av1-sdr-100mbps" classname="decoder.hardware"><failure type="INCONCLUSIVE" message="INCONCLUSIVE">measured payload bitrate 185.744 Mbps is outside the 100 Mbps target ±20%; decode checks passed, but requested bitrate coverage was not established</failure></testcase><testcase name="ultrawide-3440x1440p120-av1-sdr-250mbps" classname="decoder.hardware"><failure type="BASELINE_FAILURE" message="BASELINE_FAILURE">baseline failed; latency is descriptive and cannot establish a clean regression result
timed/baseline/1: native FAIL: accounting/hardware gate failed; process FINISHED, exit 1; not every offered frame produced an output; scheduler_drops=252; failed_or_cancelled_or_dropped=9; expected_display_mismatches=9; resets=21; CSV contains a non-output terminal completion; delivered frame rate below configured ratio
timed/candidate/1: native FAIL: accounting/hardware gate failed; process FINISHED, exit 1; not every offered frame produced an output; scheduler_drops=293; failed_or_cancelled_or_dropped=11; expected_display_mismatches=11; resets=29; CSV contains a non-output terminal completion; delivered frame rate below configured ratio
timed/candidate/2: native FAIL: accounting/hardware gate failed; process FINISHED, exit 1; not every offered frame produced an output; scheduler_drops=295; failed_or_cancelled_or_dropped=11; expected_display_mismatches=11; resets=26; CSV contains a non-output terminal completion; delivered frame rate below configured ratio
timed/baseline/2: native FAIL: accounting/hardware gate failed; process FINISHED, exit 1; not every offered frame produced an output; scheduler_drops=250; failed_or_cancelled_or_dropped=9; expected_display_mismatches=9; resets=21; CSV contains a non-output terminal completion; delivered frame rate below configured ratio
timed/baseline/3: native FAIL: accounting/hardware gate failed; process FINISHED, exit 1; not every offered frame produced an output; scheduler_drops=293; failed_or_cancelled_or_dropped=11; expected_display_mismatches=11; resets=29; CSV contains a non-output terminal completion; delivered frame rate below configured ratio
timed/candidate/3: native FAIL: accounting/hardware gate failed; process FINISHED, exit 1; not every offered frame produced an output; scheduler_drops=294; failed_or_cancelled_or_dropped=10; expected_display_mismatches=10; resets=25; CSV contains a non-output terminal completion; delivered frame rate below configured ratio</failure></testcase><testcase name="ultrawide-3440x1440p120-av1-sdr-350mbps" classname="decoder.hardware"><failure type="BASELINE_FAILURE" message="BASELINE_FAILURE">baseline failed; latency is descriptive and cannot establish a clean regression result
timed/candidate/1: native FAIL: accounting/hardware gate failed; process FINISHED, exit 1; not every offered frame produced an output; scheduler_drops=369; failed_or_cancelled_or_dropped=12; expected_display_mismatches=12; resets=30; CSV contains a non-output terminal completion; delivered frame rate below configured ratio
timed/baseline/1: native FAIL: accounting/hardware gate failed; process FINISHED, exit 1; not every offered frame produced an output; scheduler_drops=374; failed_or_cancelled_or_dropped=12; expected_display_mismatches=12; resets=30; CSV contains a non-output terminal completion; delivered frame rate below configured ratio
timed/baseline/2: native FAIL: accounting/hardware gate failed; process FINISHED, exit 1; not every offered frame produced an output; scheduler_drops=374; failed_or_cancelled_or_dropped=10; expected_display_mismatches=10; resets=30; CSV contains a non-output terminal completion; delivered frame rate below configured ratio
timed/candidate/2: native FAIL: accounting/hardware gate failed; process FINISHED, exit 1; not every offered frame produced an output; scheduler_drops=362; failed_or_cancelled_or_dropped=10; expected_display_mismatches=10; resets=30; CSV contains a non-output terminal completion; delivered frame rate below configured ratio
timed/candidate/3: native FAIL: accounting/hardware gate failed; process FINISHED, exit 1; not every offered frame produced an output; scheduler_drops=379; failed_or_cancelled_or_dropped=12; expected_display_mismatches=12; resets=30; CSV contains a non-output terminal completion; delivered frame rate below configured ratio
timed/baseline/3: native FAIL: accounting/hardware gate failed; process FINISHED, exit 1; not every offered frame produced an output; scheduler_drops=366; failed_or_cancelled_or_dropped=11; expected_display_mismatches=11; resets=30; CSV contains a non-output terminal completion; delivered frame rate below configured ratio</failure></testcase><testcase name="ultrawide-3440x1440p120-av1-hdr10-50mbps" classname="decoder.hardware"><failure type="INCONCLUSIVE" message="INCONCLUSIVE">measured payload bitrate 142.056 Mbps is outside the 50 Mbps target ±20%; decode checks passed, but requested bitrate coverage was not established</failure></testcase><testcase name="ultrawide-3440x1440p120-av1-hdr10-100mbps" classname="decoder.hardware"><failure type="INCONCLUSIVE" message="INCONCLUSIVE">measured payload bitrate 170.713 Mbps is outside the 100 Mbps target ±20%; decode checks passed, but requested bitrate coverage was not established</failure></testcase><testcase name="ultrawide-3440x1440p120-av1-hdr10-250mbps" classname="decoder.hardware" /><testcase name="ultrawide-3440x1440p120-av1-hdr10-350mbps" classname="decoder.hardware"><failure type="BASELINE_FAILURE" message="BASELINE_FAILURE">baseline failed; latency is descriptive and cannot establish a clean regression result
timed/candidate/1: native FAIL: accounting/hardware gate failed; process FINISHED, exit 1; not every offered frame produced an output; scheduler_drops=314; failed_or_cancelled_or_dropped=12; expected_display_mismatches=12; resets=20; CSV contains a non-output terminal completion; delivered frame rate below configured ratio
timed/baseline/1: native FAIL: accounting/hardware gate failed; process FINISHED, exit 1; not every offered frame produced an output; scheduler_drops=325; failed_or_cancelled_or_dropped=12; expected_display_mismatches=12; resets=20; CSV contains a non-output terminal completion; delivered frame rate below configured ratio
timed/baseline/2: native FAIL: accounting/hardware gate failed; process FINISHED, exit 1; not every offered frame produced an output; scheduler_drops=320; failed_or_cancelled_or_dropped=13; expected_display_mismatches=13; resets=20; CSV contains a non-output terminal completion; delivered frame rate below configured ratio
timed/candidate/2: native FAIL: accounting/hardware gate failed; process FINISHED, exit 1; not every offered frame produced an output; scheduler_drops=340; failed_or_cancelled_or_dropped=10; expected_display_mismatches=10; resets=20; CSV contains a non-output terminal completion; delivered frame rate below configured ratio
timed/candidate/3: native FAIL: accounting/hardware gate failed; process FINISHED, exit 1; not every offered frame produced an output; scheduler_drops=333; failed_or_cancelled_or_dropped=11; expected_display_mismatches=11; resets=20; CSV contains a non-output terminal completion; delivered frame rate below configured ratio
timed/baseline/3: native FAIL: accounting/hardware gate failed; process FINISHED, exit 1; not every offered frame produced an output; scheduler_drops=338; failed_or_cancelled_or_dropped=13; expected_display_mismatches=13; resets=20; CSV contains a non-output terminal completion; delivered frame rate below configured ratio</failure></testcase><testcase name="ultrawide-3440x1440p120-hevc-sdr-50mbps" classname="decoder.hardware"><failure type="INCONCLUSIVE" message="INCONCLUSIVE">measured payload bitrate 70.255 Mbps is outside the 50 Mbps target ±20%; decode checks passed, but requested bitrate coverage was not established</failure></testcase><testcase name="ultrawide-3440x1440p120-hevc-sdr-100mbps" classname="decoder.hardware" /><testcase name="ultrawide-3440x1440p120-hevc-sdr-250mbps" classname="decoder.hardware" /><testcase name="ultrawide-3440x1440p120-hevc-sdr-350mbps" classname="decoder.hardware" /><testcase name="ultrawide-3440x1440p120-hevc-hdr10-50mbps" classname="decoder.hardware"><failure type="INCONCLUSIVE" message="INCONCLUSIVE">measured payload bitrate 64.800 Mbps is outside the 50 Mbps target ±20%; decode checks passed, but requested bitrate coverage was not established</failure></testcase><testcase name="ultrawide-3440x1440p120-hevc-hdr10-100mbps" classname="decoder.hardware" /><testcase name="ultrawide-3440x1440p120-hevc-hdr10-250mbps" classname="decoder.hardware" /><testcase name="ultrawide-3440x1440p120-hevc-hdr10-350mbps" classname="decoder.hardware" /><testcase name="ultrawide-3440x1440p240-av1-sdr-50mbps" classname="decoder.hardware"><failure type="BASELINE_FAILURE" message="BASELINE_FAILURE">baseline failed; latency is descriptive and cannot establish a clean regression result
timed/baseline/1: native FAIL: accounting/hardware gate failed; process FINISHED, exit 1; not every offered frame produced an output; scheduler_drops=56; failed_or_cancelled_or_dropped=2; expected_display_mismatches=2; resets=3; CSV contains a non-output terminal completion; delivered frame rate below configured ratio
timed/candidate/1: native FAIL: accounting/hardware gate failed; process FINISHED, exit 1; not every offered frame produced an output; scheduler_drops=57; failed_or_cancelled_or_dropped=2; expected_display_mismatches=2; resets=4; CSV contains a non-output terminal completion; delivered frame rate below configured ratio
timed/candidate/2: native FAIL: accounting/hardware gate failed; process FINISHED, exit 1; not every offered frame produced an output; scheduler_drops=57; failed_or_cancelled_or_dropped=2; expected_display_mismatches=2; resets=4; CSV contains a non-output terminal completion; delivered frame rate below configured ratio
timed/baseline/2: native FAIL: accounting/hardware gate failed; process FINISHED, exit 1; not every offered frame produced an output; scheduler_drops=56; failed_or_cancelled_or_dropped=2; expected_display_mismatches=2; resets=3; CSV contains a non-output terminal completion; delivered frame rate below configured ratio
timed/baseline/3: native FAIL: accounting/hardware gate failed; process FINISHED, exit 1; not every offered frame produced an output; scheduler_drops=56; failed_or_cancelled_or_dropped=2; expected_display_mismatches=2; resets=2; CSV contains a non-output terminal completion; delivered frame rate below configured ratio
timed/candidate/3: native FAIL: accounting/hardware gate failed; process FINISHED, exit 1; not every offered frame produced an output; scheduler_drops=56; failed_or_cancelled_or_dropped=2; expected_display_mismatches=2; resets=3; CSV contains a non-output terminal completion; delivered frame rate below configured ratio</failure></testcase><testcase name="ultrawide-3440x1440p240-av1-sdr-100mbps" classname="decoder.hardware"><failure type="BASELINE_FAILURE" message="BASELINE_FAILURE">baseline failed; latency is descriptive and cannot establish a clean regression result
timed/candidate/1: native FAIL: accounting/hardware gate failed; process FINISHED, exit 1; not every offered frame produced an output; scheduler_drops=57; failed_or_cancelled_or_dropped=2; expected_display_mismatches=2; resets=4; CSV contains a non-output terminal completion; delivered frame rate below configured ratio
timed/baseline/1: native FAIL: accounting/hardware gate failed; process FINISHED, exit 1; not every offered frame produced an output; scheduler_drops=58; failed_or_cancelled_or_dropped=2; expected_display_mismatches=2; resets=4; CSV contains a non-output terminal completion; delivered frame rate below configured ratio
timed/baseline/2: native FAIL: accounting/hardware gate failed; process FINISHED, exit 1; not every offered frame produced an output; scheduler_drops=57; failed_or_cancelled_or_dropped=2; expected_display_mismatches=2; resets=4; CSV contains a non-output terminal completion; delivered frame rate below configured ratio
timed/candidate/2: native FAIL: accounting/hardware gate failed; process FINISHED, exit 1; not every offered frame produced an output; scheduler_drops=58; failed_or_cancelled_or_dropped=2; expected_display_mismatches=2; resets=4; CSV contains a non-output terminal completion; delivered frame rate below configured ratio
timed/candidate/3: native FAIL: accounting/hardware gate failed; process FINISHED, exit 1; not every offered frame produced an output; scheduler_drops=57; failed_or_cancelled_or_dropped=2; expected_display_mismatches=2; resets=5; CSV contains a non-output terminal completion; delivered frame rate below configured ratio
timed/baseline/3: native FAIL: accounting/hardware gate failed; process FINISHED, exit 1; not every offered frame produced an output; scheduler_drops=57; failed_or_cancelled_or_dropped=2; expected_display_mismatches=2; resets=4; CSV contains a non-output terminal completion; delivered frame rate below configured ratio</failure></testcase><testcase name="ultrawide-3440x1440p240-av1-sdr-250mbps" classname="decoder.hardware"><failure type="BASELINE_FAILURE" message="BASELINE_FAILURE">baseline failed; latency is descriptive and cannot establish a clean regression result
timed/baseline/1: native FAIL: accounting/hardware gate failed; process FINISHED, exit 1; not every offered frame produced an output; scheduler_drops=1471; failed_or_cancelled_or_dropped=69; expected_display_mismatches=69; resets=141; hardware decoding was not validated; CSV contains a non-output terminal completion; delivered frame rate below configured ratio
timed/candidate/1: native FAIL: accounting/hardware gate failed; process FINISHED, exit 1; not every offered frame produced an output; scheduler_drops=1465; failed_or_cancelled_or_dropped=67; expected_display_mismatches=67; resets=136; hardware decoding was not validated; CSV contains a non-output terminal completion; delivered frame rate below configured ratio
timed/candidate/2: native FAIL: accounting/hardware gate failed; process FINISHED, exit 1; not every offered frame produced an output; scheduler_drops=1441; failed_or_cancelled_or_dropped=70; expected_display_mismatches=70; resets=141; hardware decoding was not validated; CSV contains a non-output terminal completion; delivered frame rate below configured ratio
timed/baseline/2: native FAIL: accounting/hardware gate failed; process FINISHED, exit 1; not every offered frame produced an output; scheduler_drops=1448; failed_or_cancelled_or_dropped=69; expected_display_mismatches=69; resets=136; hardware decoding was not validated; CSV contains a non-output terminal completion; delivered frame rate below configured ratio
timed/baseline/3: native FAIL: accounting/hardware gate failed; process FINISHED, exit 1; not every offered frame produced an output; scheduler_drops=1421; failed_or_cancelled_or_dropped=73; expected_display_mismatches=73; resets=131; hardware decoding was not validated; CSV contains a non-output terminal completion; delivered frame rate below configured ratio
timed/candidate/3: native FAIL: accounting/hardware gate failed; process FINISHED, exit 1; not every offered frame produced an output; scheduler_drops=1418; failed_or_cancelled_or_dropped=66; expected_display_mismatches=66; resets=137; hardware decoding was not validated; CSV contains a non-output terminal completion; delivered frame rate below configured ratio</failure></testcase><testcase name="ultrawide-3440x1440p240-av1-sdr-350mbps" classname="decoder.hardware"><failure type="BASELINE_FAILURE" message="BASELINE_FAILURE">baseline failed; latency is descriptive and cannot establish a clean regression result
timed/candidate/1: native FAIL: accounting/hardware gate failed; process FINISHED, exit 1; not every offered frame produced an output; scheduler_drops=1841; failed_or_cancelled_or_dropped=74; expected_display_mismatches=74; resets=171; hardware decoding was not validated; CSV contains a non-output terminal completion; delivered frame rate below configured ratio
timed/baseline/1: native FAIL: accounting/hardware gate failed; process FINISHED, exit 1; not every offered frame produced an output; scheduler_drops=1836; failed_or_cancelled_or_dropped=75; expected_display_mismatches=75; resets=165; hardware decoding was not validated; CSV contains a non-output terminal completion; delivered frame rate below configured ratio
timed/baseline/2: native FAIL: accounting/hardware gate failed; process FINISHED, exit 1; not every offered frame produced an output; scheduler_drops=1841; failed_or_cancelled_or_dropped=76; expected_display_mismatches=76; resets=174; hardware decoding was not validated; CSV contains a non-output terminal completion; delivered frame rate below configured ratio
timed/candidate/2: native FAIL: accounting/hardware gate failed; process FINISHED, exit 1; not every offered frame produced an output; scheduler_drops=1839; failed_or_cancelled_or_dropped=75; expected_display_mismatches=75; resets=174; hardware decoding was not validated; CSV contains a non-output terminal completion; delivered frame rate below configured ratio
timed/candidate/3: native FAIL: accounting/hardware gate failed; process FINISHED, exit 1; not every offered frame produced an output; scheduler_drops=1845; failed_or_cancelled_or_dropped=70; expected_display_mismatches=70; resets=163; hardware decoding was not validated; CSV contains a non-output terminal completion; delivered frame rate below configured ratio
timed/baseline/3: native FAIL: accounting/hardware gate failed; process FINISHED, exit 1; not every offered frame produced an output; scheduler_drops=1847; failed_or_cancelled_or_dropped=71; expected_display_mismatches=71; resets=161; hardware decoding was not validated; CSV contains a non-output terminal completion; delivered frame rate below configured ratio</failure></testcase><testcase name="ultrawide-3440x1440p240-av1-hdr10-50mbps" classname="decoder.hardware"><failure type="BASELINE_FAILURE" message="BASELINE_FAILURE">baseline failed; latency is descriptive and cannot establish a clean regression result
timed/baseline/1: native FAIL: accounting/hardware gate failed; process FINISHED, exit 1; not every offered frame produced an output; scheduler_drops=57; failed_or_cancelled_or_dropped=1; expected_display_mismatches=1; resets=3; CSV contains a non-output terminal completion; delivered frame rate below configured ratio
timed/candidate/1: native FAIL: accounting/hardware gate failed; process FINISHED, exit 1; not every offered frame produced an output; scheduler_drops=56; failed_or_cancelled_or_dropped=2; expected_display_mismatches=2; resets=2; CSV contains a non-output terminal completion; delivered frame rate below configured ratio
timed/candidate/2: native FAIL: accounting/hardware gate failed; process FINISHED, exit 1; not every offered frame produced an output; scheduler_drops=56; failed_or_cancelled_or_dropped=2; expected_display_mismatches=2; resets=2; CSV contains a non-output terminal completion; delivered frame rate below configured ratio
timed/baseline/2: native FAIL: accounting/hardware gate failed; process FINISHED, exit 1; not every offered frame produced an output; scheduler_drops=57; failed_or_cancelled_or_dropped=1; expected_display_mismatches=1; resets=3; CSV contains a non-output terminal completion; delivered frame rate below configured ratio
timed/baseline/3: native FAIL: accounting/hardware gate failed; process FINISHED, exit 1; not every offered frame produced an output; scheduler_drops=56; failed_or_cancelled_or_dropped=2; expected_display_mismatches=2; resets=2; CSV contains a non-output terminal completion; delivered frame rate below configured ratio
timed/candidate/3: native FAIL: accounting/hardware gate failed; process FINISHED, exit 1; not every offered frame produced an output; scheduler_drops=59; failed_or_cancelled_or_dropped=1; expected_display_mismatches=1; resets=6; CSV contains a non-output terminal completion; delivered frame rate below configured ratio</failure></testcase><testcase name="ultrawide-3440x1440p240-av1-hdr10-100mbps" classname="decoder.hardware"><failure type="BASELINE_FAILURE" message="BASELINE_FAILURE">baseline failed; latency is descriptive and cannot establish a clean regression result
timed/candidate/1: native FAIL: accounting/hardware gate failed; process FINISHED, exit 1; not every offered frame produced an output; scheduler_drops=58; failed_or_cancelled_or_dropped=2; expected_display_mismatches=2; resets=3; CSV contains a non-output terminal completion; delivered frame rate below configured ratio
timed/baseline/1: native FAIL: accounting/hardware gate failed; process FINISHED, exit 1; not every offered frame produced an output; scheduler_drops=59; failed_or_cancelled_or_dropped=1; expected_display_mismatches=1; resets=6; CSV contains a non-output terminal completion; delivered frame rate below configured ratio
timed/baseline/2: native FAIL: accounting/hardware gate failed; process FINISHED, exit 1; not every offered frame produced an output; scheduler_drops=57; failed_or_cancelled_or_dropped=2; expected_display_mismatches=2; resets=4; CSV contains a non-output terminal completion; delivered frame rate below configured ratio
timed/candidate/2: native FAIL: accounting/hardware gate failed; process FINISHED, exit 1; not every offered frame produced an output; scheduler_drops=58; failed_or_cancelled_or_dropped=2; expected_display_mismatches=2; resets=3; CSV contains a non-output terminal completion; delivered frame rate below configured ratio
timed/candidate/3: native FAIL: accounting/hardware gate failed; process FINISHED, exit 1; not every offered frame produced an output; scheduler_drops=58; failed_or_cancelled_or_dropped=2; expected_display_mismatches=2; resets=4; CSV contains a non-output terminal completion; delivered frame rate below configured ratio
timed/baseline/3: native FAIL: accounting/hardware gate failed; process FINISHED, exit 1; not every offered frame produced an output; scheduler_drops=58; failed_or_cancelled_or_dropped=1; expected_display_mismatches=1; resets=3; CSV contains a non-output terminal completion; delivered frame rate below configured ratio</failure></testcase><testcase name="ultrawide-3440x1440p240-av1-hdr10-250mbps" classname="decoder.hardware"><failure type="BASELINE_FAILURE" message="BASELINE_FAILURE">baseline failed; latency is descriptive and cannot establish a clean regression result
timed/baseline/1: native FAIL: accounting/hardware gate failed; process FINISHED, exit 1; not every offered frame produced an output; scheduler_drops=1185; failed_or_cancelled_or_dropped=44; expected_display_mismatches=44; resets=58; CSV contains a non-output terminal completion; delivered frame rate below configured ratio
timed/candidate/1: native FAIL: accounting/hardware gate failed; process FINISHED, exit 1; not every offered frame produced an output; scheduler_drops=1212; failed_or_cancelled_or_dropped=48; expected_display_mismatches=48; resets=58; hardware decoding was not validated; CSV contains a non-output terminal completion; delivered frame rate below configured ratio
timed/candidate/2: native FAIL: accounting/hardware gate failed; process FINISHED, exit 1; not every offered frame produced an output; scheduler_drops=1216; failed_or_cancelled_or_dropped=48; expected_display_mismatches=48; resets=57; hardware decoding was not validated; CSV contains a non-output terminal completion; delivered frame rate below configured ratio
timed/baseline/2: native FAIL: accounting/hardware gate failed; process FINISHED, exit 1; not every offered frame produced an output; scheduler_drops=1112; failed_or_cancelled_or_dropped=42; expected_display_mismatches=42; resets=63; CSV contains a non-output terminal completion; delivered frame rate below configured ratio
timed/baseline/3: native FAIL: accounting/hardware gate failed; process FINISHED, exit 1; not every offered frame produced an output; scheduler_drops=1233; failed_or_cancelled_or_dropped=44; expected_display_mismatches=44; resets=57; hardware decoding was not validated; CSV contains a non-output terminal completion; delivered frame rate below configured ratio
timed/candidate/3: native FAIL: accounting/hardware gate failed; process FINISHED, exit 1; not every offered frame produced an output; scheduler_drops=1284; failed_or_cancelled_or_dropped=50; expected_display_mismatches=50; resets=59; hardware decoding was not validated; CSV contains a non-output terminal completion; delivered frame rate below configured ratio</failure></testcase><testcase name="ultrawide-3440x1440p240-av1-hdr10-350mbps" classname="decoder.hardware"><failure type="BASELINE_FAILURE" message="BASELINE_FAILURE">baseline failed; latency is descriptive and cannot establish a clean regression result
timed/candidate/1: native FAIL: accounting/hardware gate failed; process FINISHED, exit 1; not every offered frame produced an output; scheduler_drops=1680; failed_or_cancelled_or_dropped=75; expected_display_mismatches=75; resets=76; hardware decoding was not validated; CSV contains a non-output terminal completion; delivered frame rate below configured ratio
timed/baseline/1: native FAIL: accounting/hardware gate failed; process FINISHED, exit 1; not every offered frame produced an output; scheduler_drops=1660; failed_or_cancelled_or_dropped=76; expected_display_mismatches=76; resets=76; hardware decoding was not validated; CSV contains a non-output terminal completion; delivered frame rate below configured ratio
timed/baseline/2: native FAIL: accounting/hardware gate failed; process FINISHED, exit 1; not every offered frame produced an output; scheduler_drops=1697; failed_or_cancelled_or_dropped=71; expected_display_mismatches=71; resets=74; hardware decoding was not validated; CSV contains a non-output terminal completion; delivered frame rate below configured ratio
timed/candidate/2: native FAIL: accounting/hardware gate failed; process FINISHED, exit 1; not every offered frame produced an output; scheduler_drops=1659; failed_or_cancelled_or_dropped=75; expected_display_mismatches=75; resets=79; hardware decoding was not validated; CSV contains a non-output terminal completion; delivered frame rate below configured ratio
timed/candidate/3: native FAIL: accounting/hardware gate failed; process FINISHED, exit 1; not every offered frame produced an output; scheduler_drops=1667; failed_or_cancelled_or_dropped=68; expected_display_mismatches=68; resets=73; hardware decoding was not validated; CSV contains a non-output terminal completion; delivered frame rate below configured ratio
timed/baseline/3: native FAIL: accounting/hardware gate failed; process FINISHED, exit 1; not every offered frame produced an output; scheduler_drops=1701; failed_or_cancelled_or_dropped=70; expected_display_mismatches=70; resets=78; hardware decoding was not validated; CSV contains a non-output terminal completion; delivered frame rate below configured ratio</failure></testcase><testcase name="ultrawide-3440x1440p240-hevc-sdr-50mbps" classname="decoder.hardware" /><testcase name="ultrawide-3440x1440p240-hevc-sdr-100mbps" classname="decoder.hardware" /><testcase name="ultrawide-3440x1440p240-hevc-sdr-250mbps" classname="decoder.hardware"><failure type="BASELINE_FAILURE" message="BASELINE_FAILURE">baseline failed; latency is descriptive and cannot establish a clean regression result
timed/baseline/1: native FAIL: accounting/hardware gate failed; process FINISHED, exit 1; not every offered frame produced an output; scheduler_drops=54; failed_or_cancelled_or_dropped=1; expected_display_mismatches=1; resets=2; CSV contains a non-output terminal completion; delivered frame rate below configured ratio
timed/candidate/1: native FAIL: accounting/hardware gate failed; process FINISHED, exit 1; not every offered frame produced an output; scheduler_drops=55; failed_or_cancelled_or_dropped=1; expected_display_mismatches=1; resets=2; CSV contains a non-output terminal completion; delivered frame rate below configured ratio
timed/candidate/2: native FAIL: accounting/hardware gate failed; process FINISHED, exit 1; not every offered frame produced an output; scheduler_drops=55; failed_or_cancelled_or_dropped=2; expected_display_mismatches=2; resets=3; CSV contains a non-output terminal completion; delivered frame rate below configured ratio
timed/baseline/2: native FAIL: accounting/hardware gate failed; process FINISHED, exit 1; not every offered frame produced an output; scheduler_drops=55; failed_or_cancelled_or_dropped=2; expected_display_mismatches=2; resets=3; CSV contains a non-output terminal completion; delivered frame rate below configured ratio
timed/baseline/3: native FAIL: accounting/hardware gate failed; process FINISHED, exit 1; not every offered frame produced an output; scheduler_drops=56; failed_or_cancelled_or_dropped=1; expected_display_mismatches=1; resets=3; CSV contains a non-output terminal completion; delivered frame rate below configured ratio
timed/candidate/3: native FAIL: accounting/hardware gate failed; process FINISHED, exit 1; not every offered frame produced an output; scheduler_drops=56; failed_or_cancelled_or_dropped=1; expected_display_mismatches=1; resets=3; CSV contains a non-output terminal completion; delivered frame rate below configured ratio</failure></testcase><testcase name="ultrawide-3440x1440p240-hevc-sdr-350mbps" classname="decoder.hardware"><failure type="BASELINE_FAILURE" message="BASELINE_FAILURE">baseline failed; latency is descriptive and cannot establish a clean regression result
timed/candidate/1: native FAIL: accounting/hardware gate failed; process FINISHED, exit 1; not every offered frame produced an output; scheduler_drops=57; failed_or_cancelled_or_dropped=1; expected_display_mismatches=1; resets=3; CSV contains a non-output terminal completion; delivered frame rate below configured ratio
timed/baseline/1: native FAIL: accounting/hardware gate failed; process FINISHED, exit 1; not every offered frame produced an output; scheduler_drops=55; failed_or_cancelled_or_dropped=2; expected_display_mismatches=2; resets=4; CSV contains a non-output terminal completion; delivered frame rate below configured ratio
timed/baseline/2: native FAIL: accounting/hardware gate failed; process FINISHED, exit 1; not every offered frame produced an output; scheduler_drops=55; failed_or_cancelled_or_dropped=2; expected_display_mismatches=2; resets=4; CSV contains a non-output terminal completion; delivered frame rate below configured ratio
timed/candidate/2: native FAIL: accounting/hardware gate failed; process FINISHED, exit 1; not every offered frame produced an output; scheduler_drops=55; failed_or_cancelled_or_dropped=2; expected_display_mismatches=2; resets=4; CSV contains a non-output terminal completion; delivered frame rate below configured ratio
timed/candidate/3: native FAIL: accounting/hardware gate failed; process FINISHED, exit 1; not every offered frame produced an output; scheduler_drops=56; failed_or_cancelled_or_dropped=2; expected_display_mismatches=2; resets=4; CSV contains a non-output terminal completion; delivered frame rate below configured ratio
timed/baseline/3: native FAIL: accounting/hardware gate failed; process FINISHED, exit 1; not every offered frame produced an output; scheduler_drops=55; failed_or_cancelled_or_dropped=2; expected_display_mismatches=2; resets=4; CSV contains a non-output terminal completion; delivered frame rate below configured ratio</failure></testcase><testcase name="ultrawide-3440x1440p240-hevc-hdr10-50mbps" classname="decoder.hardware"><failure type="BASELINE_FAILURE" message="BASELINE_FAILURE">baseline failed; latency is descriptive and cannot establish a clean regression result
timed/baseline/1: native FAIL: accounting/hardware gate failed; process FINISHED, exit 1; not every offered frame produced an output; scheduler_drops=58; failed_or_cancelled_or_dropped=1; expected_display_mismatches=1; resets=1; CSV contains a non-output terminal completion; delivered frame rate below configured ratio</failure></testcase><testcase name="ultrawide-3440x1440p240-hevc-hdr10-100mbps" classname="decoder.hardware" /><testcase name="ultrawide-3440x1440p240-hevc-hdr10-250mbps" classname="decoder.hardware"><failure type="REGRESSION" message="REGRESSION">timed/candidate/3: native FAIL: accounting/hardware gate failed; process FINISHED, exit 1; not every offered frame produced an output; scheduler_drops=54; failed_or_cancelled_or_dropped=1; expected_display_mismatches=1; resets=2; CSV contains a non-output terminal completion; delivered frame rate below configured ratio</failure></testcase><testcase name="ultrawide-3440x1440p240-hevc-hdr10-350mbps" classname="decoder.hardware"><failure type="BASELINE_FAILURE" message="BASELINE_FAILURE">baseline failed; latency is descriptive and cannot establish a clean regression result
timed/candidate/1: native FAIL: accounting/hardware gate failed; process FINISHED, exit 1; not every offered frame produced an output; scheduler_drops=55; failed_or_cancelled_or_dropped=2; expected_display_mismatches=2; resets=3; CSV contains a non-output terminal completion; delivered frame rate below configured ratio
timed/baseline/1: native FAIL: accounting/hardware gate failed; process FINISHED, exit 1; not every offered frame produced an output; scheduler_drops=56; failed_or_cancelled_or_dropped=1; expected_display_mismatches=1; resets=3; CSV contains a non-output terminal completion; delivered frame rate below configured ratio
timed/baseline/2: native FAIL: accounting/hardware gate failed; process FINISHED, exit 1; not every offered frame produced an output; scheduler_drops=56; failed_or_cancelled_or_dropped=2; expected_display_mismatches=2; resets=3; CSV contains a non-output terminal completion; delivered frame rate below configured ratio
timed/candidate/2: native FAIL: accounting/hardware gate failed; process FINISHED, exit 1; not every offered frame produced an output; scheduler_drops=56; failed_or_cancelled_or_dropped=2; expected_display_mismatches=2; resets=3; CSV contains a non-output terminal completion; delivered frame rate below configured ratio
timed/candidate/3: native FAIL: accounting/hardware gate failed; process FINISHED, exit 1; not every offered frame produced an output; scheduler_drops=58; failed_or_cancelled_or_dropped=2; expected_display_mismatches=2; resets=3; CSV contains a non-output terminal completion; delivered frame rate below configured ratio
timed/baseline/3: native FAIL: accounting/hardware gate failed; process FINISHED, exit 1; not every offered frame produced an output; scheduler_drops=57; failed_or_cancelled_or_dropped=2; expected_display_mismatches=2; resets=3; CSV contains a non-output terminal completion; delivered frame rate below configured ratio</failure></testcase><testcase name="4k-3840x2160p60-av1-sdr-50mbps" classname="decoder.hardware"><failure type="INCONCLUSIVE" message="INCONCLUSIVE">measured payload bitrate 131.636 Mbps is outside the 50 Mbps target ±20%; decode checks passed, but requested bitrate coverage was not established</failure></testcase><testcase name="4k-3840x2160p60-av1-sdr-100mbps" classname="decoder.hardware"><failure type="INCONCLUSIVE" message="INCONCLUSIVE">measured payload bitrate 167.610 Mbps is outside the 100 Mbps target ±20%; decode checks passed, but requested bitrate coverage was not established</failure></testcase><testcase name="4k-3840x2160p60-av1-sdr-250mbps" classname="decoder.hardware" /><testcase name="4k-3840x2160p60-av1-sdr-350mbps" classname="decoder.hardware"><failure type="BASELINE_FAILURE" message="BASELINE_FAILURE">baseline failed; latency is descriptive and cannot establish a clean regression result
timed/candidate/1: native FAIL: accounting/hardware gate failed; process FINISHED, exit 1; not every offered frame produced an output; scheduler_drops=201; failed_or_cancelled_or_dropped=8; expected_display_mismatches=8; resets=11; hardware decoding was not validated; CSV contains a non-output terminal completion; delivered frame rate below configured ratio
timed/baseline/1: native FAIL: accounting/hardware gate failed; process FINISHED, exit 1; not every offered frame produced an output; scheduler_drops=200; failed_or_cancelled_or_dropped=5; expected_display_mismatches=5; resets=10; hardware decoding was not validated; CSV contains a non-output terminal completion; delivered frame rate below configured ratio
timed/baseline/2: native FAIL: accounting/hardware gate failed; process FINISHED, exit 1; not every offered frame produced an output; scheduler_drops=197; failed_or_cancelled_or_dropped=8; expected_display_mismatches=8; resets=11; hardware decoding was not validated; CSV contains a non-output terminal completion; delivered frame rate below configured ratio
timed/candidate/2: native FAIL: accounting/hardware gate failed; process FINISHED, exit 1; not every offered frame produced an output; scheduler_drops=199; failed_or_cancelled_or_dropped=7; expected_display_mismatches=7; resets=10; hardware decoding was not validated; CSV contains a non-output terminal completion; delivered frame rate below configured ratio
timed/candidate/3: native FAIL: accounting/hardware gate failed; process FINISHED, exit 1; not every offered frame produced an output; scheduler_drops=196; failed_or_cancelled_or_dropped=9; expected_display_mismatches=9; resets=10; hardware decoding was not validated; CSV contains a non-output terminal completion; delivered frame rate below configured ratio
timed/baseline/3: native FAIL: accounting/hardware gate failed; process FINISHED, exit 1; not every offered frame produced an output; scheduler_drops=199; failed_or_cancelled_or_dropped=10; expected_display_mismatches=10; resets=10; hardware decoding was not validated; CSV contains a non-output terminal completion; delivered frame rate below configured ratio</failure></testcase><testcase name="4k-3840x2160p60-av1-hdr10-50mbps" classname="decoder.hardware"><failure type="INCONCLUSIVE" message="INCONCLUSIVE">measured payload bitrate 122.846 Mbps is outside the 50 Mbps target ±20%; decode checks passed, but requested bitrate coverage was not established</failure></testcase><testcase name="4k-3840x2160p60-av1-hdr10-100mbps" classname="decoder.hardware"><failure type="INCONCLUSIVE" message="INCONCLUSIVE">measured payload bitrate 133.382 Mbps is outside the 100 Mbps target ±20%; decode checks passed, but requested bitrate coverage was not established</failure></testcase><testcase name="4k-3840x2160p60-av1-hdr10-250mbps" classname="decoder.hardware" /><testcase name="4k-3840x2160p60-av1-hdr10-350mbps" classname="decoder.hardware"><failure type="BASELINE_FAILURE" message="BASELINE_FAILURE">baseline failed; latency is descriptive and cannot establish a clean regression result
timed/candidate/1: native FAIL: accounting/hardware gate failed; process FINISHED, exit 1; not every offered frame produced an output; scheduler_drops=151; failed_or_cancelled_or_dropped=6; expected_display_mismatches=6; resets=10; hardware decoding was not validated; CSV contains a non-output terminal completion; delivered frame rate below configured ratio
timed/baseline/1: native FAIL: accounting/hardware gate failed; process FINISHED, exit 1; not every offered frame produced an output; scheduler_drops=152; failed_or_cancelled_or_dropped=9; expected_display_mismatches=9; resets=10; hardware decoding was not validated; CSV contains a non-output terminal completion; delivered frame rate below configured ratio
timed/baseline/2: native FAIL: accounting/hardware gate failed; process FINISHED, exit 1; not every offered frame produced an output; scheduler_drops=151; failed_or_cancelled_or_dropped=7; expected_display_mismatches=7; resets=10; hardware decoding was not validated; CSV contains a non-output terminal completion; delivered frame rate below configured ratio
timed/candidate/2: native FAIL: accounting/hardware gate failed; process FINISHED, exit 1; not every offered frame produced an output; scheduler_drops=153; failed_or_cancelled_or_dropped=7; expected_display_mismatches=7; resets=10; hardware decoding was not validated; CSV contains a non-output terminal completion; delivered frame rate below configured ratio
timed/candidate/3: native FAIL: accounting/hardware gate failed; process FINISHED, exit 1; not every offered frame produced an output; scheduler_drops=155; failed_or_cancelled_or_dropped=8; expected_display_mismatches=8; resets=10; hardware decoding was not validated; CSV contains a non-output terminal completion; delivered frame rate below configured ratio
timed/baseline/3: native FAIL: accounting/hardware gate failed; process FINISHED, exit 1; not every offered frame produced an output; scheduler_drops=151; failed_or_cancelled_or_dropped=7; expected_display_mismatches=7; resets=10; hardware decoding was not validated; CSV contains a non-output terminal completion; delivered frame rate below configured ratio</failure></testcase><testcase name="4k-3840x2160p60-hevc-sdr-50mbps" classname="decoder.hardware"><failure type="INCONCLUSIVE" message="INCONCLUSIVE">measured payload bitrate 60.820 Mbps is outside the 50 Mbps target ±20%; decode checks passed, but requested bitrate coverage was not established</failure></testcase><testcase name="4k-3840x2160p60-hevc-sdr-100mbps" classname="decoder.hardware" /><testcase name="4k-3840x2160p60-hevc-sdr-250mbps" classname="decoder.hardware" /><testcase name="4k-3840x2160p60-hevc-sdr-350mbps" classname="decoder.hardware" /><testcase name="4k-3840x2160p60-hevc-hdr10-50mbps" classname="decoder.hardware"><failure type="INCONCLUSIVE" message="INCONCLUSIVE">measured payload bitrate 83.905 Mbps is outside the 50 Mbps target ±20%; decode checks passed, but requested bitrate coverage was not established</failure></testcase><testcase name="4k-3840x2160p60-hevc-hdr10-100mbps" classname="decoder.hardware" /><testcase name="4k-3840x2160p60-hevc-hdr10-250mbps" classname="decoder.hardware" /><testcase name="4k-3840x2160p60-hevc-hdr10-350mbps" classname="decoder.hardware" /><testcase name="4k-3840x2160p120-av1-sdr-50mbps" classname="decoder.hardware"><failure type="INCONCLUSIVE" message="INCONCLUSIVE">measured payload bitrate 218.276 Mbps is outside the 50 Mbps target ±20%; decode checks passed, but requested bitrate coverage was not established</failure></testcase><testcase name="4k-3840x2160p120-av1-sdr-100mbps" classname="decoder.hardware"><failure type="INCONCLUSIVE" message="INCONCLUSIVE">measured payload bitrate 263.272 Mbps is outside the 100 Mbps target ±20%; decode checks passed, but requested bitrate coverage was not established</failure></testcase><testcase name="4k-3840x2160p120-av1-sdr-250mbps" classname="decoder.hardware"><failure type="BASELINE_FAILURE" message="BASELINE_FAILURE">baseline failed; latency is descriptive and cannot establish a clean regression result
timed/baseline/1: native FAIL: accounting/hardware gate failed; process FINISHED, exit 1; not every offered frame produced an output; scheduler_drops=545; failed_or_cancelled_or_dropped=20; expected_display_mismatches=20; resets=39; CSV contains a non-output terminal completion; delivered frame rate below configured ratio
timed/candidate/1: native FAIL: accounting/hardware gate failed; process FINISHED, exit 1; not every offered frame produced an output; scheduler_drops=545; failed_or_cancelled_or_dropped=19; expected_display_mismatches=19; resets=41; CSV contains a non-output terminal completion; delivered frame rate below configured ratio
timed/candidate/2: native FAIL: accounting/hardware gate failed; process FINISHED, exit 1; not every offered frame produced an output; scheduler_drops=544; failed_or_cancelled_or_dropped=19; expected_display_mismatches=19; resets=41; CSV contains a non-output terminal completion; delivered frame rate below configured ratio
timed/baseline/2: native FAIL: accounting/hardware gate failed; process FINISHED, exit 1; not every offered frame produced an output; scheduler_drops=544; failed_or_cancelled_or_dropped=18; expected_display_mismatches=18; resets=40; CSV contains a non-output terminal completion; delivered frame rate below configured ratio
timed/baseline/3: native FAIL: accounting/hardware gate failed; process FINISHED, exit 1; not every offered frame produced an output; scheduler_drops=546; failed_or_cancelled_or_dropped=20; expected_display_mismatches=20; resets=39; CSV contains a non-output terminal completion; delivered frame rate below configured ratio
timed/candidate/3: native FAIL: accounting/hardware gate failed; process FINISHED, exit 1; not every offered frame produced an output; scheduler_drops=547; failed_or_cancelled_or_dropped=20; expected_display_mismatches=20; resets=42; CSV contains a non-output terminal completion; delivered frame rate below configured ratio</failure></testcase><testcase name="4k-3840x2160p120-av1-sdr-350mbps" classname="decoder.hardware"><failure type="BASELINE_FAILURE" message="BASELINE_FAILURE">baseline failed; latency is descriptive and cannot establish a clean regression result
timed/candidate/1: native FAIL: accounting/hardware gate failed; process FINISHED, exit 1; not every offered frame produced an output; scheduler_drops=817; failed_or_cancelled_or_dropped=40; expected_display_mismatches=40; resets=71; hardware decoding was not validated; CSV contains a non-output terminal completion; delivered frame rate below configured ratio
timed/baseline/1: native FAIL: accounting/hardware gate failed; process FINISHED, exit 1; not every offered frame produced an output; scheduler_drops=814; failed_or_cancelled_or_dropped=40; expected_display_mismatches=40; resets=77; hardware decoding was not validated; CSV contains a non-output terminal completion; delivered frame rate below configured ratio
timed/baseline/2: native FAIL: accounting/hardware gate failed; process FINISHED, exit 1; not every offered frame produced an output; scheduler_drops=815; failed_or_cancelled_or_dropped=40; expected_display_mismatches=40; resets=77; hardware decoding was not validated; CSV contains a non-output terminal completion; delivered frame rate below configured ratio
timed/candidate/2: native FAIL: accounting/hardware gate failed; process FINISHED, exit 1; not every offered frame produced an output; scheduler_drops=818; failed_or_cancelled_or_dropped=38; expected_display_mismatches=38; resets=72; hardware decoding was not validated; CSV contains a non-output terminal completion; delivered frame rate below configured ratio
timed/candidate/3: native FAIL: accounting/hardware gate failed; process FINISHED, exit 1; not every offered frame produced an output; scheduler_drops=817; failed_or_cancelled_or_dropped=40; expected_display_mismatches=40; resets=73; hardware decoding was not validated; CSV contains a non-output terminal completion; delivered frame rate below configured ratio
timed/baseline/3: native FAIL: accounting/hardware gate failed; process FINISHED, exit 1; not every offered frame produced an output; scheduler_drops=814; failed_or_cancelled_or_dropped=39; expected_display_mismatches=39; resets=78; hardware decoding was not validated; CSV contains a non-output terminal completion; delivered frame rate below configured ratio</failure></testcase><testcase name="4k-3840x2160p120-av1-hdr10-50mbps" classname="decoder.hardware"><failure type="INCONCLUSIVE" message="INCONCLUSIVE">measured payload bitrate 177.539 Mbps is outside the 50 Mbps target ±20%; decode checks passed, but requested bitrate coverage was not established</failure></testcase><testcase name="4k-3840x2160p120-av1-hdr10-100mbps" classname="decoder.hardware"><failure type="INCONCLUSIVE" message="INCONCLUSIVE">measured payload bitrate 245.692 Mbps is outside the 100 Mbps target ±20%; decode checks passed, but requested bitrate coverage was not established</failure></testcase><testcase name="4k-3840x2160p120-av1-hdr10-250mbps" classname="decoder.hardware"><failure type="BASELINE_FAILURE" message="BASELINE_FAILURE">baseline failed; latency is descriptive and cannot establish a clean regression result
timed/baseline/1: native FAIL: accounting/hardware gate failed; process FINISHED, exit 1; not every offered frame produced an output; scheduler_drops=403; failed_or_cancelled_or_dropped=22; expected_display_mismatches=22; resets=22; hardware decoding was not validated; CSV contains a non-output terminal completion; delivered frame rate below configured ratio
timed/candidate/1: native FAIL: accounting/hardware gate failed; process FINISHED, exit 1; not every offered frame produced an output; scheduler_drops=372; failed_or_cancelled_or_dropped=23; expected_display_mismatches=23; resets=19; CSV contains a non-output terminal completion; delivered frame rate below configured ratio
timed/candidate/2: native FAIL: accounting/hardware gate failed; process FINISHED, exit 1; not every offered frame produced an output; scheduler_drops=326; failed_or_cancelled_or_dropped=21; expected_display_mismatches=21; resets=13; CSV contains a non-output terminal completion; delivered frame rate below configured ratio
timed/baseline/2: native FAIL: accounting/hardware gate failed; process FINISHED, exit 1; not every offered frame produced an output; scheduler_drops=296; failed_or_cancelled_or_dropped=15; expected_display_mismatches=15; resets=14; CSV contains a non-output terminal completion; delivered frame rate below configured ratio
timed/baseline/3: native FAIL: accounting/hardware gate failed; process FINISHED, exit 1; not every offered frame produced an output; scheduler_drops=332; failed_or_cancelled_or_dropped=18; expected_display_mismatches=18; resets=18; CSV contains a non-output terminal completion; delivered frame rate below configured ratio
timed/candidate/3: native FAIL: accounting/hardware gate failed; process FINISHED, exit 1; not every offered frame produced an output; scheduler_drops=412; failed_or_cancelled_or_dropped=21; expected_display_mismatches=21; resets=21; CSV contains a non-output terminal completion; delivered frame rate below configured ratio</failure></testcase><testcase name="4k-3840x2160p120-av1-hdr10-350mbps" classname="decoder.hardware"><failure type="BASELINE_FAILURE" message="BASELINE_FAILURE">baseline failed; latency is descriptive and cannot establish a clean regression result
timed/candidate/1: native FAIL: accounting/hardware gate failed; process FINISHED, exit 1; not every offered frame produced an output; scheduler_drops=584; failed_or_cancelled_or_dropped=17; expected_display_mismatches=17; resets=64; CSV contains a non-output terminal completion; delivered frame rate below configured ratio
timed/baseline/1: native FAIL: accounting/hardware gate failed; process FINISHED, exit 1; not every offered frame produced an output; scheduler_drops=583; failed_or_cancelled_or_dropped=19; expected_display_mismatches=19; resets=68; hardware decoding was not validated; CSV contains a non-output terminal completion; delivered frame rate below configured ratio
timed/baseline/2: native FAIL: accounting/hardware gate failed; process FINISHED, exit 1; not every offered frame produced an output; scheduler_drops=590; failed_or_cancelled_or_dropped=21; expected_display_mismatches=21; resets=77; CSV contains a non-output terminal completion; delivered frame rate below configured ratio
timed/candidate/2: native FAIL: accounting/hardware gate failed; process FINISHED, exit 1; not every offered frame produced an output; scheduler_drops=587; failed_or_cancelled_or_dropped=21; expected_display_mismatches=21; resets=66; hardware decoding was not validated; CSV contains a non-output terminal completion; delivered frame rate below configured ratio
timed/candidate/3: native FAIL: accounting/hardware gate failed; process FINISHED, exit 1; not every offered frame produced an output; scheduler_drops=594; failed_or_cancelled_or_dropped=21; expected_display_mismatches=21; resets=72; CSV contains a non-output terminal completion; delivered frame rate below configured ratio
timed/baseline/3: native FAIL: accounting/hardware gate failed; process FINISHED, exit 1; not every offered frame produced an output; scheduler_drops=583; failed_or_cancelled_or_dropped=19; expected_display_mismatches=19; resets=71; CSV contains a non-output terminal completion; delivered frame rate below configured ratio</failure></testcase><testcase name="4k-3840x2160p120-hevc-sdr-50mbps" classname="decoder.hardware"><failure type="INCONCLUSIVE" message="INCONCLUSIVE">measured payload bitrate 82.298 Mbps is outside the 50 Mbps target ±20%; decode checks passed, but requested bitrate coverage was not established</failure></testcase><testcase name="4k-3840x2160p120-hevc-sdr-100mbps" classname="decoder.hardware"><failure type="INCONCLUSIVE" message="INCONCLUSIVE">measured payload bitrate 122.563 Mbps is outside the 100 Mbps target ±20%; decode checks passed, but requested bitrate coverage was not established</failure></testcase><testcase name="4k-3840x2160p120-hevc-sdr-250mbps" classname="decoder.hardware" /><testcase name="4k-3840x2160p120-hevc-sdr-350mbps" classname="decoder.hardware" /><testcase name="4k-3840x2160p120-hevc-hdr10-50mbps" classname="decoder.hardware"><failure type="INCONCLUSIVE" message="INCONCLUSIVE">measured payload bitrate 82.866 Mbps is outside the 50 Mbps target ±20%; decode checks passed, but requested bitrate coverage was not established</failure></testcase><testcase name="4k-3840x2160p120-hevc-hdr10-100mbps" classname="decoder.hardware"><failure type="INCONCLUSIVE" message="INCONCLUSIVE">measured payload bitrate 122.444 Mbps is outside the 100 Mbps target ±20%; decode checks passed, but requested bitrate coverage was not established</failure></testcase><testcase name="4k-3840x2160p120-hevc-hdr10-250mbps" classname="decoder.hardware" /><testcase name="4k-3840x2160p120-hevc-hdr10-350mbps" classname="decoder.hardware" /></testsuite>