<?xml version='1.0' encoding='utf-8'?>
<testsuite name="decoder-matrix" tests="2" failures="2"><testcase name="ultrawide-3440x1440p240-hevc-hdr10-50mbps" classname="decoder.hardware"><failure type="REGRESSION" message="REGRESSION">timed/candidate/3: native FAIL: accounting/hardware gate failed; process FINISHED, exit 1; not every offered frame produced an output; scheduler_drops=59; failed_or_cancelled_or_dropped=1; expected_display_mismatches=1; resets=3; CSV contains a non-output terminal completion; delivered frame rate below configured ratio</failure></testcase><testcase name="ultrawide-3440x1440p240-hevc-hdr10-250mbps" classname="decoder.hardware"><failure type="BASELINE_FAILURE" message="BASELINE_FAILURE">baseline failed; latency is descriptive and cannot establish a clean regression result
timed/baseline/1: native FAIL: accounting/hardware gate failed; process FINISHED, exit 1; not every offered frame produced an output; scheduler_drops=56; failed_or_cancelled_or_dropped=2; expected_display_mismatches=2; resets=2; CSV contains a non-output terminal completion; delivered frame rate below configured ratio
timed/baseline/2: native FAIL: accounting/hardware gate failed; process FINISHED, exit 1; not every offered frame produced an output; scheduler_drops=54; failed_or_cancelled_or_dropped=1; expected_display_mismatches=1; resets=2; CSV contains a non-output terminal completion; delivered frame rate below configured ratio
timed/candidate/2: native FAIL: accounting/hardware gate failed; process FINISHED, exit 1; not every offered frame produced an output; scheduler_drops=54; failed_or_cancelled_or_dropped=1; expected_display_mismatches=1; resets=2; CSV contains a non-output terminal completion; delivered frame rate below configured ratio
timed/candidate/3: native FAIL: accounting/hardware gate failed; process FINISHED, exit 1; not every offered frame produced an output; scheduler_drops=55; failed_or_cancelled_or_dropped=1; expected_display_mismatches=1; resets=2; CSV contains a non-output terminal completion; delivered frame rate below configured ratio
timed/baseline/3: native FAIL: accounting/hardware gate failed; process FINISHED, exit 1; not every offered frame produced an output; scheduler_drops=55; failed_or_cancelled_or_dropped=1; expected_display_mismatches=1; resets=2; CSV contains a non-output terminal completion; delivered frame rate below configured ratio
timed/baseline/4: native FAIL: accounting/hardware gate failed; process FINISHED, exit 1; not every offered frame produced an output; scheduler_drops=54; failed_or_cancelled_or_dropped=1; expected_display_mismatches=1; resets=2; CSV contains a non-output terminal completion; delivered frame rate below configured ratio
timed/candidate/5: native FAIL: accounting/hardware gate failed; process FINISHED, exit 1; not every offered frame produced an output; scheduler_drops=55; failed_or_cancelled_or_dropped=1; expected_display_mismatches=1; resets=2; CSV contains a non-output terminal completion; delivered frame rate below configured ratio
timed/baseline/5: native FAIL: accounting/hardware gate failed; process FINISHED, exit 1; not every offered frame produced an output; scheduler_drops=54; failed_or_cancelled_or_dropped=2; expected_display_mismatches=2; resets=2; CSV contains a non-output terminal completion; delivered frame rate below configured ratio
timed/baseline/6: native FAIL: accounting/hardware gate failed; process FINISHED, exit 1; not every offered frame produced an output; scheduler_drops=55; failed_or_cancelled_or_dropped=2; expected_display_mismatches=2; resets=2; CSV contains a non-output terminal completion; delivered frame rate below configured ratio
timed/candidate/6: native FAIL: accounting/hardware gate failed; process FINISHED, exit 1; not every offered frame produced an output; scheduler_drops=54; failed_or_cancelled_or_dropped=2; expected_display_mismatches=2; resets=2; CSV contains a non-output terminal completion; delivered frame rate below configured ratio</failure></testcase></testsuite>