<?xml version='1.0' encoding='utf-8'?>
<testsuite name="decoder-matrix" tests="16" failures="10"><testcase name="ultrawide-3440x1440p240-hevc-sdr-50mbps" classname="decoder.hardware"><failure type="BASELINE_FAILURE" message="BASELINE_FAILURE">baseline failed; latency is descriptive and cannot establish a clean regression result
timed/candidate/1: native FAIL: accounting/hardware gate failed; process FINISHED, exit 1; not every offered frame produced an output; scheduler_drops=58; failed_or_cancelled_or_dropped=2; expected_display_mismatches=2; resets=2; CSV contains a non-output terminal completion; delivered frame rate below configured ratio
timed/candidate/2: native FAIL: accounting/hardware gate failed; process FINISHED, exit 1; not every offered frame produced an output; scheduler_drops=58; failed_or_cancelled_or_dropped=2; expected_display_mismatches=2; resets=2; CSV contains a non-output terminal completion; delivered frame rate below configured ratio
timed/baseline/3: native FAIL: accounting/hardware gate failed; process FINISHED, exit 1; not every offered frame produced an output; scheduler_drops=58; failed_or_cancelled_or_dropped=2; expected_display_mismatches=2; resets=1; CSV contains a non-output terminal completion; delivered frame rate below configured ratio
timed/candidate/3: native FAIL: accounting/hardware gate failed; process FINISHED, exit 1; not every offered frame produced an output; scheduler_drops=58; failed_or_cancelled_or_dropped=2; expected_display_mismatches=2; resets=1; CSV contains a non-output terminal completion; delivered frame rate below configured ratio</failure></testcase><testcase name="ultrawide-3440x1440p240-hevc-sdr-100mbps" classname="decoder.hardware"><failure type="BASELINE_FAILURE" message="BASELINE_FAILURE">baseline failed; latency is descriptive and cannot establish a clean regression result
timed/candidate/1: native FAIL: accounting/hardware gate failed; process FINISHED, exit 1; not every offered frame produced an output; scheduler_drops=59; failed_or_cancelled_or_dropped=1; expected_display_mismatches=1; resets=4; CSV contains a non-output terminal completion; delivered frame rate below configured ratio
timed/baseline/1: native FAIL: accounting/hardware gate failed; process FINISHED, exit 1; not every offered frame produced an output; scheduler_drops=58; failed_or_cancelled_or_dropped=1; expected_display_mismatches=1; resets=2; CSV contains a non-output terminal completion; delivered frame rate below configured ratio
timed/baseline/2: native FAIL: accounting/hardware gate failed; process FINISHED, exit 1; not every offered frame produced an output; scheduler_drops=56; failed_or_cancelled_or_dropped=2; expected_display_mismatches=2; resets=3; CSV contains a non-output terminal completion; delivered frame rate below configured ratio
timed/candidate/2: native FAIL: accounting/hardware gate failed; process FINISHED, exit 1; not every offered frame produced an output; scheduler_drops=58; failed_or_cancelled_or_dropped=2; expected_display_mismatches=2; resets=2; CSV contains a non-output terminal completion; delivered frame rate below configured ratio
timed/candidate/3: native FAIL: accounting/hardware gate failed; process FINISHED, exit 1; not every offered frame produced an output; scheduler_drops=58; failed_or_cancelled_or_dropped=1; expected_display_mismatches=1; resets=2; CSV contains a non-output terminal completion; delivered frame rate below configured ratio
timed/baseline/3: native FAIL: accounting/hardware gate failed; process FINISHED, exit 1; not every offered frame produced an output; scheduler_drops=58; failed_or_cancelled_or_dropped=2; expected_display_mismatches=2; resets=2; CSV contains a non-output terminal completion; delivered frame rate below configured ratio</failure></testcase><testcase name="ultrawide-3440x1440p240-hevc-sdr-250mbps" classname="decoder.hardware"><failure type="BASELINE_FAILURE" message="BASELINE_FAILURE">baseline failed; latency is descriptive and cannot establish a clean regression result
timed/baseline/1: native FAIL: accounting/hardware gate failed; process FINISHED, exit 1; not every offered frame produced an output; scheduler_drops=57; failed_or_cancelled_or_dropped=2; expected_display_mismatches=2; resets=3; CSV contains a non-output terminal completion; delivered frame rate below configured ratio
timed/candidate/1: native FAIL: accounting/hardware gate failed; process FINISHED, exit 1; not every offered frame produced an output; scheduler_drops=57; failed_or_cancelled_or_dropped=1; expected_display_mismatches=1; resets=3; CSV contains a non-output terminal completion; delivered frame rate below configured ratio
timed/candidate/2: native FAIL: accounting/hardware gate failed; process FINISHED, exit 1; not every offered frame produced an output; scheduler_drops=57; failed_or_cancelled_or_dropped=2; expected_display_mismatches=2; resets=3; CSV contains a non-output terminal completion; delivered frame rate below configured ratio
timed/baseline/2: native FAIL: accounting/hardware gate failed; process FINISHED, exit 1; not every offered frame produced an output; scheduler_drops=57; failed_or_cancelled_or_dropped=2; expected_display_mismatches=2; resets=3; CSV contains a non-output terminal completion; delivered frame rate below configured ratio
timed/baseline/3: native FAIL: accounting/hardware gate failed; process FINISHED, exit 1; not every offered frame produced an output; scheduler_drops=57; failed_or_cancelled_or_dropped=2; expected_display_mismatches=2; resets=3; CSV contains a non-output terminal completion; delivered frame rate below configured ratio
timed/candidate/3: native FAIL: accounting/hardware gate failed; process FINISHED, exit 1; not every offered frame produced an output; scheduler_drops=56; failed_or_cancelled_or_dropped=2; expected_display_mismatches=2; resets=4; CSV contains a non-output terminal completion; delivered frame rate below configured ratio</failure></testcase><testcase name="ultrawide-3440x1440p240-hevc-sdr-350mbps" classname="decoder.hardware"><failure type="BASELINE_FAILURE" message="BASELINE_FAILURE">baseline failed; latency is descriptive and cannot establish a clean regression result
timed/candidate/1: native FAIL: accounting/hardware gate failed; process FINISHED, exit 1; not every offered frame produced an output; scheduler_drops=58; failed_or_cancelled_or_dropped=1; expected_display_mismatches=1; resets=3; CSV contains a non-output terminal completion; delivered frame rate below configured ratio
timed/baseline/1: native FAIL: accounting/hardware gate failed; process FINISHED, exit 1; not every offered frame produced an output; scheduler_drops=57; failed_or_cancelled_or_dropped=1; expected_display_mismatches=1; resets=3; CSV contains a non-output terminal completion; delivered frame rate below configured ratio
timed/baseline/2: native FAIL: accounting/hardware gate failed; process FINISHED, exit 1; not every offered frame produced an output; scheduler_drops=57; failed_or_cancelled_or_dropped=1; expected_display_mismatches=1; resets=3; CSV contains a non-output terminal completion; delivered frame rate below configured ratio
timed/candidate/2: native FAIL: accounting/hardware gate failed; process FINISHED, exit 1; not every offered frame produced an output; scheduler_drops=57; failed_or_cancelled_or_dropped=2; expected_display_mismatches=2; resets=3; CSV contains a non-output terminal completion; delivered frame rate below configured ratio
timed/candidate/3: native FAIL: accounting/hardware gate failed; process FINISHED, exit 1; not every offered frame produced an output; scheduler_drops=57; failed_or_cancelled_or_dropped=1; expected_display_mismatches=1; resets=3; CSV contains a non-output terminal completion; delivered frame rate below configured ratio
timed/baseline/3: native FAIL: accounting/hardware gate failed; process FINISHED, exit 1; not every offered frame produced an output; scheduler_drops=57; failed_or_cancelled_or_dropped=2; expected_display_mismatches=2; resets=4; CSV contains a non-output terminal completion; delivered frame rate below configured ratio</failure></testcase><testcase name="ultrawide-3440x1440p240-hevc-hdr10-50mbps" classname="decoder.hardware"><failure type="BASELINE_FAILURE" message="BASELINE_FAILURE">baseline failed; latency is descriptive and cannot establish a clean regression result
timed/baseline/1: native FAIL: accounting/hardware gate failed; process FINISHED, exit 1; not every offered frame produced an output; scheduler_drops=58; failed_or_cancelled_or_dropped=2; expected_display_mismatches=2; resets=1; CSV contains a non-output terminal completion; delivered frame rate below configured ratio
timed/candidate/1: native FAIL: accounting/hardware gate failed; process FINISHED, exit 1; not every offered frame produced an output; scheduler_drops=58; failed_or_cancelled_or_dropped=2; expected_display_mismatches=2; resets=1; CSV contains a non-output terminal completion; delivered frame rate below configured ratio
timed/candidate/2: native FAIL: accounting/hardware gate failed; process FINISHED, exit 1; not every offered frame produced an output; scheduler_drops=59; failed_or_cancelled_or_dropped=1; expected_display_mismatches=1; resets=4; CSV contains a non-output terminal completion; delivered frame rate below configured ratio
timed/baseline/3: native FAIL: accounting/hardware gate failed; process FINISHED, exit 1; not every offered frame produced an output; scheduler_drops=58; failed_or_cancelled_or_dropped=2; expected_display_mismatches=2; resets=1; CSV contains a non-output terminal completion; delivered frame rate below configured ratio
timed/candidate/3: native FAIL: accounting/hardware gate failed; process FINISHED, exit 1; not every offered frame produced an output; scheduler_drops=58; failed_or_cancelled_or_dropped=2; expected_display_mismatches=2; resets=1; CSV contains a non-output terminal completion; delivered frame rate below configured ratio</failure></testcase><testcase name="ultrawide-3440x1440p240-hevc-hdr10-100mbps" classname="decoder.hardware"><failure type="BASELINE_FAILURE" message="BASELINE_FAILURE">baseline failed; latency is descriptive and cannot establish a clean regression result
timed/candidate/1: native FAIL: accounting/hardware gate failed; process FINISHED, exit 1; not every offered frame produced an output; scheduler_drops=58; failed_or_cancelled_or_dropped=1; expected_display_mismatches=1; resets=1; CSV contains a non-output terminal completion; delivered frame rate below configured ratio
timed/baseline/1: native FAIL: accounting/hardware gate failed; process FINISHED, exit 1; not every offered frame produced an output; scheduler_drops=58; failed_or_cancelled_or_dropped=2; expected_display_mismatches=2; resets=2; CSV contains a non-output terminal completion; delivered frame rate below configured ratio
timed/baseline/2: native FAIL: accounting/hardware gate failed; process FINISHED, exit 1; not every offered frame produced an output; scheduler_drops=58; failed_or_cancelled_or_dropped=2; expected_display_mismatches=2; resets=2; CSV contains a non-output terminal completion; delivered frame rate below configured ratio
timed/candidate/2: native FAIL: accounting/hardware gate failed; process FINISHED, exit 1; not every offered frame produced an output; scheduler_drops=58; failed_or_cancelled_or_dropped=1; expected_display_mismatches=1; resets=1; CSV contains a non-output terminal completion; delivered frame rate below configured ratio
timed/candidate/3: native FAIL: accounting/hardware gate failed; process FINISHED, exit 1; not every offered frame produced an output; scheduler_drops=58; failed_or_cancelled_or_dropped=2; expected_display_mismatches=2; resets=2; CSV contains a non-output terminal completion; delivered frame rate below configured ratio
timed/baseline/3: native FAIL: accounting/hardware gate failed; process FINISHED, exit 1; not every offered frame produced an output; scheduler_drops=58; failed_or_cancelled_or_dropped=2; expected_display_mismatches=2; resets=2; CSV contains a non-output terminal completion; delivered frame rate below configured ratio</failure></testcase><testcase name="ultrawide-3440x1440p240-hevc-hdr10-250mbps" classname="decoder.hardware"><failure type="BASELINE_FAILURE" message="BASELINE_FAILURE">baseline failed; latency is descriptive and cannot establish a clean regression result
timed/baseline/1: native FAIL: accounting/hardware gate failed; process FINISHED, exit 1; not every offered frame produced an output; scheduler_drops=56; failed_or_cancelled_or_dropped=2; expected_display_mismatches=2; resets=3; CSV contains a non-output terminal completion; delivered frame rate below configured ratio
timed/candidate/1: native FAIL: accounting/hardware gate failed; process FINISHED, exit 1; not every offered frame produced an output; scheduler_drops=57; failed_or_cancelled_or_dropped=1; expected_display_mismatches=1; resets=2; CSV contains a non-output terminal completion; delivered frame rate below configured ratio
timed/candidate/2: native FAIL: accounting/hardware gate failed; process FINISHED, exit 1; not every offered frame produced an output; scheduler_drops=57; failed_or_cancelled_or_dropped=1; expected_display_mismatches=1; resets=2; CSV contains a non-output terminal completion; delivered frame rate below configured ratio
timed/baseline/2: native FAIL: accounting/hardware gate failed; process FINISHED, exit 1; not every offered frame produced an output; scheduler_drops=56; failed_or_cancelled_or_dropped=2; expected_display_mismatches=2; resets=3; CSV contains a non-output terminal completion; delivered frame rate below configured ratio
timed/baseline/3: native FAIL: accounting/hardware gate failed; process FINISHED, exit 1; not every offered frame produced an output; scheduler_drops=56; failed_or_cancelled_or_dropped=2; expected_display_mismatches=2; resets=3; CSV contains a non-output terminal completion; delivered frame rate below configured ratio
timed/candidate/3: native FAIL: accounting/hardware gate failed; process FINISHED, exit 1; not every offered frame produced an output; scheduler_drops=56; failed_or_cancelled_or_dropped=2; expected_display_mismatches=2; resets=3; CSV contains a non-output terminal completion; delivered frame rate below configured ratio</failure></testcase><testcase name="ultrawide-3440x1440p240-hevc-hdr10-350mbps" classname="decoder.hardware"><failure type="BASELINE_FAILURE" message="BASELINE_FAILURE">baseline failed; latency is descriptive and cannot establish a clean regression result
timed/candidate/1: native FAIL: accounting/hardware gate failed; process FINISHED, exit 1; not every offered frame produced an output; scheduler_drops=58; failed_or_cancelled_or_dropped=2; expected_display_mismatches=2; resets=2; CSV contains a non-output terminal completion; delivered frame rate below configured ratio
timed/baseline/1: native FAIL: accounting/hardware gate failed; process FINISHED, exit 1; not every offered frame produced an output; scheduler_drops=57; failed_or_cancelled_or_dropped=2; expected_display_mismatches=2; resets=3; CSV contains a non-output terminal completion; delivered frame rate below configured ratio
timed/baseline/2: native FAIL: accounting/hardware gate failed; process FINISHED, exit 1; not every offered frame produced an output; scheduler_drops=56; failed_or_cancelled_or_dropped=2; expected_display_mismatches=2; resets=3; CSV contains a non-output terminal completion; delivered frame rate below configured ratio
timed/candidate/2: native FAIL: accounting/hardware gate failed; process FINISHED, exit 1; not every offered frame produced an output; scheduler_drops=58; failed_or_cancelled_or_dropped=2; expected_display_mismatches=2; resets=3; CSV contains a non-output terminal completion; delivered frame rate below configured ratio
timed/candidate/3: native FAIL: accounting/hardware gate failed; process FINISHED, exit 1; not every offered frame produced an output; scheduler_drops=57; failed_or_cancelled_or_dropped=2; expected_display_mismatches=2; resets=3; CSV contains a non-output terminal completion; delivered frame rate below configured ratio
timed/baseline/3: native FAIL: accounting/hardware gate failed; process FINISHED, exit 1; not every offered frame produced an output; scheduler_drops=57; failed_or_cancelled_or_dropped=1; expected_display_mismatches=1; resets=3; CSV contains a non-output terminal completion; delivered frame rate below configured ratio</failure></testcase><testcase name="4k-3840x2160p60-hevc-sdr-50mbps" classname="decoder.hardware"><failure type="INCONCLUSIVE" message="INCONCLUSIVE">measured payload bitrate 60.820 Mbps is outside the 50 Mbps target ±20%; decode checks passed, but requested bitrate coverage was not established</failure></testcase><testcase name="4k-3840x2160p60-hevc-sdr-100mbps" classname="decoder.hardware" /><testcase name="4k-3840x2160p60-hevc-sdr-250mbps" classname="decoder.hardware" /><testcase name="4k-3840x2160p60-hevc-sdr-350mbps" classname="decoder.hardware" /><testcase name="4k-3840x2160p60-hevc-hdr10-50mbps" classname="decoder.hardware"><failure type="INCONCLUSIVE" message="INCONCLUSIVE">measured payload bitrate 83.905 Mbps is outside the 50 Mbps target ±20%; decode checks passed, but requested bitrate coverage was not established</failure></testcase><testcase name="4k-3840x2160p60-hevc-hdr10-100mbps" classname="decoder.hardware" /><testcase name="4k-3840x2160p60-hevc-hdr10-250mbps" classname="decoder.hardware" /><testcase name="4k-3840x2160p60-hevc-hdr10-350mbps" classname="decoder.hardware" /></testsuite>