<?xml version='1.0' encoding='utf-8'?>
<testsuite name="decoder-matrix" tests="16" failures="2"><testcase name="ultrawide-3440x1440p240-hevc-sdr-50mbps" classname="decoder.hardware" /><testcase name="ultrawide-3440x1440p240-hevc-sdr-100mbps" classname="decoder.hardware" /><testcase name="ultrawide-3440x1440p240-hevc-sdr-250mbps" classname="decoder.hardware" /><testcase name="ultrawide-3440x1440p240-hevc-sdr-350mbps" classname="decoder.hardware" /><testcase name="ultrawide-3440x1440p240-hevc-hdr10-50mbps" classname="decoder.hardware" /><testcase name="ultrawide-3440x1440p240-hevc-hdr10-100mbps" classname="decoder.hardware" /><testcase name="ultrawide-3440x1440p240-hevc-hdr10-250mbps" classname="decoder.hardware" /><testcase name="ultrawide-3440x1440p240-hevc-hdr10-350mbps" classname="decoder.hardware" /><testcase name="4k-3840x2160p60-hevc-sdr-50mbps" classname="decoder.hardware"><failure type="INCONCLUSIVE" message="INCONCLUSIVE">measured payload bitrate 60.820 Mbps is outside the 50 Mbps target ±20%; decode checks passed, but requested bitrate coverage was not established</failure></testcase><testcase name="4k-3840x2160p60-hevc-sdr-100mbps" classname="decoder.hardware" /><testcase name="4k-3840x2160p60-hevc-sdr-250mbps" classname="decoder.hardware" /><testcase name="4k-3840x2160p60-hevc-sdr-350mbps" classname="decoder.hardware" /><testcase name="4k-3840x2160p60-hevc-hdr10-50mbps" classname="decoder.hardware"><failure type="INCONCLUSIVE" message="INCONCLUSIVE">measured payload bitrate 83.905 Mbps is outside the 50 Mbps target ±20%; decode checks passed, but requested bitrate coverage was not established</failure></testcase><testcase name="4k-3840x2160p60-hevc-hdr10-100mbps" classname="decoder.hardware" /><testcase name="4k-3840x2160p60-hevc-hdr10-250mbps" classname="decoder.hardware" /><testcase name="4k-3840x2160p60-hevc-hdr10-350mbps" classname="decoder.hardware" /></testsuite>